# JRE version: Java(TM) SE Runtime Environment (18.0.2.1+1) (build 18.0.2.1+1-1)
# Java VM: Java HotSpot(TM) 64-Bit Server VM (18.0.2.1+1-1, mixed mode, sharing, tiered, compressed oops, compressed class ptrs, g1 gc, windows-amd64)
GC Precious Log:
 CardTable entry size: 512
 Card Set container configuration: InlinePtr #cards 4 size 8 Array Of Cards #cards 16 size 48 Howl #buckets 8 coarsen threshold 3686 Howl Bitmap #cards 512 size 80 coarsen threshold 460 Card regions per heap region 1 cards per card region 4096
 CPUs: 12 total, 12 available
 Memory: 16334M
 Large Page Support: Disabled
 NUMA Support: Disabled
 Compressed Oops: Enabled (Zero based)
 Heap Region Size: 2M
 Heap Min Capacity: 8M
 Heap Initial Capacity: 256M
 Heap Max Capacity: 4084M
 Pre-touch: Disabled
 Parallel Workers: 10
 Concurrent Workers: 3
 Concurrent Refinement Workers: 10
 Periodic GC: Disabled
Heap:
 garbage-first heap   total 75776K, used 35447K [0x0000000700c00000, 0x0000000800000000)
  region size 2048K, 7 young (14336K), 2 survivors (4096K)
 Metaspace       used 57430K, committed 58048K, reserved 1114112K
  class space    used 7519K, committed 7808K, reserved 1048576K
GC Heap History (20 events):
Event: 115645.497 GC heap before
{Heap before GC invocations=17 (full 0):
 garbage-first heap   total 75776K, used 57875K [0x0000000700c00000, 0x0000000800000000)
  region size 2048K, 17 young (34816K), 2 survivors (4096K)
 Metaspace       used 57289K, committed 57920K, reserved 1114112K
  class space    used 7519K, committed 7808K, reserved 1048576K
}
Event: 115645.517 GC heap after
{Heap after GC invocations=18 (full 0):
 garbage-first heap   total 75776K, used 26899K [0x0000000700c00000, 0x0000000800000000)
  region size 2048K, 2 young (4096K), 2 survivors (4096K)
 Metaspace       used 57289K, committed 57920K, reserved 1114112K
  class space    used 7519K, committed 7808K, reserved 1048576K
}
Event: 136910.262 GC heap before
{Heap before GC invocations=18 (full 0):
 garbage-first heap   total 75776K, used 57619K [0x0000000700c00000, 0x0000000800000000)
  region size 2048K, 17 young (34816K), 2 survivors (4096K)
 Metaspace       used 57332K, committed 57984K, reserved 1114112K
  class space    used 7519K, committed 7808K, reserved 1048576K
}
Event: 136910.291 GC heap after
{Heap after GC invocations=19 (full 0):
 garbage-first heap   total 75776K, used 27049K [0x0000000700c00000, 0x0000000800000000)
  region size 2048K, 2 young (4096K), 2 survivors (4096K)
 Metaspace       used 57332K, committed 57984K, reserved 1114112K
  class space    used 7519K, committed 7808K, reserved 1048576K
}
Event: 156310.713 GC heap before
{Heap before GC invocations=19 (full 0):
 garbage-first heap   total 75776K, used 57769K [0x0000000700c00000, 0x0000000800000000)
  region size 2048K, 17 young (34816K), 2 survivors (4096K)
 Metaspace       used 57332K, committed 57984K, reserved 1114112K
  class space    used 7519K, committed 7808K, reserved 1048576K
}
Event: 156310.731 GC heap after
{Heap after GC invocations=20 (full 0):
 garbage-first heap   total 75776K, used 26896K [0x0000000700c00000, 0x0000000800000000)
  region size 2048K, 2 young (4096K), 2 survivors (4096K)
 Metaspace       used 57332K, committed 57984K, reserved 1114112K
  class space    used 7519K, committed 7808K, reserved 1048576K
}
Event: 174385.033 GC heap before
{Heap before GC invocations=20 (full 0):
 garbage-first heap   total 75776K, used 57616K [0x0000000700c00000, 0x0000000800000000)
  region size 2048K, 17 young (34816K), 2 survivors (4096K)
 Metaspace       used 57357K, committed 57984K, reserved 1114112K
  class space    used 7519K, committed 7808K, reserved 1048576K
}
Event: 174385.035 GC heap after
{Heap after GC invocations=21 (full 0):
 garbage-first heap   total 75776K, used 26893K [0x0000000700c00000, 0x0000000800000000)
  region size 2048K, 2 young (4096K), 2 survivors (4096K)
 Metaspace       used 57357K, committed 57984K, reserved 1114112K
  class space    used 7519K, committed 7808K, reserved 1048576K
}
Event: 193714.447 GC heap before
{Heap before GC invocations=21 (full 0):
 garbage-first heap   total 75776K, used 57613K [0x0000000700c00000, 0x0000000800000000)
  region size 2048K, 17 young (34816K), 2 survivors (4096K)
 Metaspace       used 57376K, committed 57984K, reserved 1114112K
  class space    used 7519K, committed 7808K, reserved 1048576K
}
Event: 193714.462 GC heap after
{Heap after GC invocations=22 (full 0):
 garbage-first heap   total 75776K, used 26819K [0x0000000700c00000, 0x0000000800000000)
  region size 2048K, 2 young (4096K), 2 survivors (4096K)
 Metaspace       used 57376K, committed 57984K, reserved 1114112K
  class space    used 7519K, committed 7808K, reserved 1048576K
}
Event: 211688.375 GC heap before
{Heap before GC invocations=22 (full 0):
 garbage-first heap   total 75776K, used 57539K [0x0000000700c00000, 0x0000000800000000)
  region size 2048K, 17 young (34816K), 2 survivors (4096K)
 Metaspace       used 57389K, committed 58048K, reserved 1114112K
  class space    used 7519K, committed 7808K, reserved 1048576K
}
Event: 211688.377 GC heap after
{Heap after GC invocations=23 (full 0):
 garbage-first heap   total 75776K, used 26829K [0x0000000700c00000, 0x0000000800000000)
  region size 2048K, 2 young (4096K), 2 survivors (4096K)
 Metaspace       used 57389K, committed 58048K, reserved 1114112K
  class space    used 7519K, committed 7808K, reserved 1048576K
}
Event: 230708.709 GC heap before
{Heap before GC invocations=23 (full 0):
 garbage-first heap   total 75776K, used 59597K [0x0000000700c00000, 0x0000000800000000)
  region size 2048K, 18 young (36864K), 2 survivors (4096K)
 Metaspace       used 57405K, committed 58048K, reserved 1114112K
  class space    used 7519K, committed 7808K, reserved 1048576K
}
Event: 230708.721 GC heap after
{Heap after GC invocations=24 (full 0):
 garbage-first heap   total 75776K, used 26813K [0x0000000700c00000, 0x0000000800000000)
  region size 2048K, 2 young (4096K), 2 survivors (4096K)
 Metaspace       used 57405K, committed 58048K, reserved 1114112K
  class space    used 7519K, committed 7808K, reserved 1048576K
}
Event: 253099.672 GC heap before
{Heap before GC invocations=24 (full 0):
 garbage-first heap   total 75776K, used 59581K [0x0000000700c00000, 0x0000000800000000)
  region size 2048K, 18 young (36864K), 2 survivors (4096K)
 Metaspace       used 57420K, committed 58048K, reserved 1114112K
  class space    used 7519K, committed 7808K, reserved 1048576K
}
Event: 253099.674 GC heap after
{Heap after GC invocations=25 (full 0):
 garbage-first heap   total 75776K, used 27264K [0x0000000700c00000, 0x0000000800000000)
  region size 2048K, 2 young (4096K), 2 survivors (4096K)
 Metaspace       used 57420K, committed 58048K, reserved 1114112K
  class space    used 7519K, committed 7808K, reserved 1048576K
}
Event: 275861.201 GC heap before
{Heap before GC invocations=25 (full 0):
 garbage-first heap   total 75776K, used 60032K [0x0000000700c00000, 0x0000000800000000)
  region size 2048K, 18 young (36864K), 2 survivors (4096K)
 Metaspace       used 57427K, committed 58048K, reserved 1114112K
  class space    used 7519K, committed 7808K, reserved 1048576K
}
Event: 275861.221 GC heap after
{Heap after GC invocations=26 (full 0):
 garbage-first heap   total 75776K, used 27255K [0x0000000700c00000, 0x0000000800000000)
  region size 2048K, 2 young (4096K), 2 survivors (4096K)
 Metaspace       used 57427K, committed 58048K, reserved 1114112K
  class space    used 7519K, committed 7808K, reserved 1048576K
}
Event: 299870.672 GC heap before
{Heap before GC invocations=26 (full 0):
 garbage-first heap   total 75776K, used 60023K [0x0000000700c00000, 0x0000000800000000)
  region size 2048K, 18 young (36864K), 2 survivors (4096K)
 Metaspace       used 57430K, committed 58048K, reserved 1114112K
  class space    used 7519K, committed 7808K, reserved 1048576K
}
Event: 299870.674 GC heap after
{Heap after GC invocations=27 (full 0):
 garbage-first heap   total 75776K, used 27255K [0x0000000700c00000, 0x0000000800000000)
  region size 2048K, 2 young (4096K), 2 survivors (4096K)
 Metaspace       used 57430K, committed 58048K, reserved 1114112K
  class space    used 7519K, committed 7808K, reserved 1048576K
}

